<html>
<head>
<title>TestNG:  Sandata_Test_in_Chrome</title>
<link href="../testng.css" rel="stylesheet" type="text/css" />
<link href="../my-testng.css" rel="stylesheet" type="text/css" />

<style type="text/css">
.log { display: none;} 
.stack-trace { display: none;} 
</style>
<script type="text/javascript">
<!--
function flip(e) {
  current = e.style.display;
  if (current == 'block') {
    e.style.display = 'none';
    return 0;
  }
  else {
    e.style.display = 'block';
    return 1;
  }
}

function toggleBox(szDivId, elem, msg1, msg2)
{
  var res = -1;  if (document.getElementById) {
    res = flip(document.getElementById(szDivId));
  }
  else if (document.all) {
    // this is the way old msie versions work
    res = flip(document.all[szDivId]);
  }
  if(elem) {
    if(res == 0) elem.innerHTML = msg1; else elem.innerHTML = msg2;
  }

}

function toggleAllBoxes() {
  if (document.getElementsByTagName) {
    d = document.getElementsByTagName('div');
    for (i = 0; i < d.length; i++) {
      if (d[i].className == 'log') {
        flip(d[i]);
      }
    }
  }
}

// -->
</script>

</head>
<body>
<h2 align='center'>Sandata_Test_in_Chrome</h2><table border='1' align="center">
<tr>
<td>Tests passed/Failed/Skipped:</td><td>7/10/0</td>
</tr><tr>
<td>Started on:</td><td>Mon Apr 17 10:36:05 EDT 2017</td>
</tr>
<tr><td>Total time:</td><td>541 seconds (541028 ms)</td>
</tr><tr>
<td>Included groups:</td><td></td>
</tr><tr>
<td>Excluded groups:</td><td></td>
</tr>
</table><p/>
<small><i>(Hover the method name to see the test class name)</i></small><p/>
<table width='100%' border='1' class='invocation-failed'>
<tr><td colspan='4' align='center'><b>FAILED TESTS</b></td></tr>
<tr><td><b>Test method</b></td>
<td width="30%"><b>Exception</b></td>
<td width="10%"><b>Time (seconds)</b></td>
<td><b>Instance</b></td>
</tr>
<tr>
<td title='com.sandata.v8.functional.visitMaintenance.Auto_V7_TC_63092_Error_With_Date_Range_Greater_Than_365_Days.Auto_V7_TC_63092_Error_With_Date_Range_365_Days()'><b>Auto_V7_TC_63092_Error_With_Date_Range_365_Days</b><br>Test class: com.sandata.v8.functional.visitMaintenance.Auto_V7_TC_63092_Error_With_Date_Range_Greater_Than_365_Days<br>Parameters: dummy</td>
<td><div><pre>org.openqa.selenium.WebDriverException: unknown error: keys should be a string
  (Session info: chrome=57.0.2987.133)
  (Driver info: chromedriver=2.28.455520 (cc17746adff54984afff480136733114c6b3704b),platform=Windows NT 10.0.14393 x86_64) (WARNING: The server did not provide any stacktrace information)
Command duration or timeout: 54 milliseconds
Build info: version: &apos;2.53.0&apos;, revision: &apos;35ae25b1534ae328c771e0856c93e187490ca824&apos;, time: &apos;2016-03-15 10:43:46&apos;
System info: host: &apos;DESKTOP-KE0VAOI&apos;, ip: &apos;172.18.22.185&apos;, os.name: &apos;Windows 10&apos;, os.arch: &apos;amd64&apos;, os.version: &apos;10.0&apos;, java.version: &apos;1.8.0_121&apos;
Driver info: org.openqa.selenium.chrome.ChromeDriver
Capabilities [{applicationCacheEnabled=false, rotatable=false, mobileEmulationEnabled=false, networkConnectionEnabled=false, chrome={chromedriverVersion=2.28.455520 (cc17746adff54984afff480136733114c6b3704b), userDataDir=C:\Users\Nur\AppData\Local\Temp\scoped_dir4552_15367}, takesHeapSnapshot=true, pageLoadStrategy=normal, databaseEnabled=false, handlesAlerts=true, hasTouchScreen=false, version=57.0.2987.133, platform=XP, browserConnectionEnabled=false, nativeEvents=true, acceptSslCerts=true, locationContextEnabled=true, webStorageEnabled=true, browserName=chrome, takesScreenshot=true, javascriptEnabled=true, cssSelectorsEnabled=true, unexpectedAlertBehaviour=}]
Session ID: 42d11d396c20a1026a422e51e996001d
	at org.openqa.selenium.remote.ErrorHandler.createThrowable(ErrorHandler.java:206)
	at org.openqa.selenium.remote.ErrorHandler.throwIfResponseFailed(ErrorHandler.java:158)
	at org.openqa.selenium.remote.RemoteWebDriver.execute(RemoteWebDriver.java:678)
	at org.openqa.selenium.remote.RemoteWebElement.execute(RemoteWebElement.java:327)
	at org.openqa.selenium.remote.RemoteWebElement.sendKeys(RemoteWebElement.java:122)
	at com.sandata.core.Wrapper.setTextBoxValue(Wrapper.java:523)
	at com.sandata.v8.pages.VM_Page.SetDate(VM_Page.java:27)
	at com.sandata.v8.functional.visitMaintenance.Auto_V7_TC_63092_Error_With_Date_Range_Greater_Than_365_Days.Auto_V7_TC_63092_Error_With_Date_Range_365_Days(Auto_V7_TC_63092_Error_With_Date_Range_Greater_Than_365_Days.java:37)
... Removed 29 stack frames</pre></div><a href='#' onClick='toggleBox("stack-trace371976476", this, "Click to show all stack frames", "Click to hide stack frames")'>Click to show all stack frames</a>
<div class='stack-trace' id='stack-trace371976476'><pre>org.openqa.selenium.WebDriverException: unknown error: keys should be a string
  (Session info: chrome=57.0.2987.133)
  (Driver info: chromedriver=2.28.455520 (cc17746adff54984afff480136733114c6b3704b),platform=Windows NT 10.0.14393 x86_64) (WARNING: The server did not provide any stacktrace information)
Command duration or timeout: 54 milliseconds
Build info: version: &apos;2.53.0&apos;, revision: &apos;35ae25b1534ae328c771e0856c93e187490ca824&apos;, time: &apos;2016-03-15 10:43:46&apos;
System info: host: &apos;DESKTOP-KE0VAOI&apos;, ip: &apos;172.18.22.185&apos;, os.name: &apos;Windows 10&apos;, os.arch: &apos;amd64&apos;, os.version: &apos;10.0&apos;, java.version: &apos;1.8.0_121&apos;
Driver info: org.openqa.selenium.chrome.ChromeDriver
Capabilities [{applicationCacheEnabled=false, rotatable=false, mobileEmulationEnabled=false, networkConnectionEnabled=false, chrome={chromedriverVersion=2.28.455520 (cc17746adff54984afff480136733114c6b3704b), userDataDir=C:\Users\Nur\AppData\Local\Temp\scoped_dir4552_15367}, takesHeapSnapshot=true, pageLoadStrategy=normal, databaseEnabled=false, handlesAlerts=true, hasTouchScreen=false, version=57.0.2987.133, platform=XP, browserConnectionEnabled=false, nativeEvents=true, acceptSslCerts=true, locationContextEnabled=true, webStorageEnabled=true, browserName=chrome, takesScreenshot=true, javascriptEnabled=true, cssSelectorsEnabled=true, unexpectedAlertBehaviour=}]
Session ID: 42d11d396c20a1026a422e51e996001d
	at sun.reflect.NativeConstructorAccessorImpl.newInstance0(Native Method)
	at sun.reflect.NativeConstructorAccessorImpl.newInstance(NativeConstructorAccessorImpl.java:62)
	at sun.reflect.DelegatingConstructorAccessorImpl.newInstance(DelegatingConstructorAccessorImpl.java:45)
	at java.lang.reflect.Constructor.newInstance(Constructor.java:423)
	at org.openqa.selenium.remote.ErrorHandler.createThrowable(ErrorHandler.java:206)
	at org.openqa.selenium.remote.ErrorHandler.throwIfResponseFailed(ErrorHandler.java:158)
	at org.openqa.selenium.remote.RemoteWebDriver.execute(RemoteWebDriver.java:678)
	at org.openqa.selenium.remote.RemoteWebElement.execute(RemoteWebElement.java:327)
	at org.openqa.selenium.remote.RemoteWebElement.sendKeys(RemoteWebElement.java:122)
	at com.sandata.core.Wrapper.setTextBoxValue(Wrapper.java:523)
	at com.sandata.v8.pages.VM_Page.SetDate(VM_Page.java:27)
	at com.sandata.v8.functional.visitMaintenance.Auto_V7_TC_63092_Error_With_Date_Range_Greater_Than_365_Days.Auto_V7_TC_63092_Error_With_Date_Range_365_Days(Auto_V7_TC_63092_Error_With_Date_Range_Greater_Than_365_Days.java:37)
	at sun.reflect.NativeMethodAccessorImpl.invoke0(Native Method)
	at sun.reflect.NativeMethodAccessorImpl.invoke(NativeMethodAccessorImpl.java:62)
	at sun.reflect.DelegatingMethodAccessorImpl.invoke(DelegatingMethodAccessorImpl.java:43)
	at java.lang.reflect.Method.invoke(Method.java:498)
	at org.testng.internal.MethodInvocationHelper.invokeMethod(MethodInvocationHelper.java:104)
	at org.testng.internal.Invoker.invokeMethod(Invoker.java:645)
	at org.testng.internal.Invoker.invokeTestMethod(Invoker.java:851)
	at org.testng.internal.Invoker.invokeTestMethods(Invoker.java:1177)
	at org.testng.internal.TestMethodWorker.invokeTestMethods(TestMethodWorker.java:129)
	at org.testng.internal.TestMethodWorker.run(TestMethodWorker.java:112)
	at org.testng.TestRunner.privateRun(TestRunner.java:756)
	at org.testng.TestRunner.run(TestRunner.java:610)
	at org.testng.SuiteRunner.runTest(SuiteRunner.java:387)
	at org.testng.SuiteRunner.runSequentially(SuiteRunner.java:382)
	at org.testng.SuiteRunner.privateRun(SuiteRunner.java:340)
	at org.testng.SuiteRunner.run(SuiteRunner.java:289)
	at org.testng.SuiteRunnerWorker.runSuite(SuiteRunnerWorker.java:52)
	at org.testng.SuiteRunnerWorker.run(SuiteRunnerWorker.java:86)
	at org.testng.TestNG.runSuitesSequentially(TestNG.java:1293)
	at org.testng.TestNG.runSuitesLocally(TestNG.java:1218)
	at org.testng.TestNG.runSuites(TestNG.java:1133)
	at org.testng.TestNG.run(TestNG.java:1104)
	at org.testng.remote.AbstractRemoteTestNG.run(AbstractRemoteTestNG.java:132)
	at org.testng.remote.RemoteTestNG.initAndRun(RemoteTestNG.java:236)
	at org.testng.remote.RemoteTestNG.main(RemoteTestNG.java:81)
</pre></div></td>
<td>8</td>
<td>com.sandata.v8.functional.visitMaintenance.Auto_V7_TC_63092_Error_With_Date_Range_Greater_Than_365_Days@35d176f7</td></tr>
<tr>
<td title='com.sandata.v8.functional.visitMaintenance.Auto_V7_TC_63130_Search_Visit_Maintenance_Within_A_Day.Auto_V7_TC_63092_Error_With_Date_Range_365_Days()'><b>Auto_V7_TC_63092_Error_With_Date_Range_365_Days</b><br>Test class: com.sandata.v8.functional.visitMaintenance.Auto_V7_TC_63130_Search_Visit_Maintenance_Within_A_Day<br>Parameters: dummy</td>
<td><div><pre>java.lang.NullPointerException
	at com.sandata.core.Wrapper.extractCellDataAndCompare(Wrapper.java:1497)
	at com.sandata.v8.pages.VM_Page.checkhDateRange(VM_Page.java:48)
	at com.sandata.v8.functional.visitMaintenance.Auto_V7_TC_63130_Search_Visit_Maintenance_Within_A_Day.Auto_V7_TC_63092_Error_With_Date_Range_365_Days(Auto_V7_TC_63130_Search_Visit_Maintenance_Within_A_Day.java:47)
... Removed 25 stack frames</pre></div><a href='#' onClick='toggleBox("stack-trace574077658", this, "Click to show all stack frames", "Click to hide stack frames")'>Click to show all stack frames</a>
<div class='stack-trace' id='stack-trace574077658'><pre>java.lang.NullPointerException
	at com.sandata.core.Wrapper.extractCellDataAndCompare(Wrapper.java:1497)
	at com.sandata.v8.pages.VM_Page.checkhDateRange(VM_Page.java:48)
	at com.sandata.v8.functional.visitMaintenance.Auto_V7_TC_63130_Search_Visit_Maintenance_Within_A_Day.Auto_V7_TC_63092_Error_With_Date_Range_365_Days(Auto_V7_TC_63130_Search_Visit_Maintenance_Within_A_Day.java:47)
	at sun.reflect.NativeMethodAccessorImpl.invoke0(Native Method)
	at sun.reflect.NativeMethodAccessorImpl.invoke(NativeMethodAccessorImpl.java:62)
	at sun.reflect.DelegatingMethodAccessorImpl.invoke(DelegatingMethodAccessorImpl.java:43)
	at java.lang.reflect.Method.invoke(Method.java:498)
	at org.testng.internal.MethodInvocationHelper.invokeMethod(MethodInvocationHelper.java:104)
	at org.testng.internal.Invoker.invokeMethod(Invoker.java:645)
	at org.testng.internal.Invoker.invokeTestMethod(Invoker.java:851)
	at org.testng.internal.Invoker.invokeTestMethods(Invoker.java:1177)
	at org.testng.internal.TestMethodWorker.invokeTestMethods(TestMethodWorker.java:129)
	at org.testng.internal.TestMethodWorker.run(TestMethodWorker.java:112)
	at org.testng.TestRunner.privateRun(TestRunner.java:756)
	at org.testng.TestRunner.run(TestRunner.java:610)
	at org.testng.SuiteRunner.runTest(SuiteRunner.java:387)
	at org.testng.SuiteRunner.runSequentially(SuiteRunner.java:382)
	at org.testng.SuiteRunner.privateRun(SuiteRunner.java:340)
	at org.testng.SuiteRunner.run(SuiteRunner.java:289)
	at org.testng.SuiteRunnerWorker.runSuite(SuiteRunnerWorker.java:52)
	at org.testng.SuiteRunnerWorker.run(SuiteRunnerWorker.java:86)
	at org.testng.TestNG.runSuitesSequentially(TestNG.java:1293)
	at org.testng.TestNG.runSuitesLocally(TestNG.java:1218)
	at org.testng.TestNG.runSuites(TestNG.java:1133)
	at org.testng.TestNG.run(TestNG.java:1104)
	at org.testng.remote.AbstractRemoteTestNG.run(AbstractRemoteTestNG.java:132)
	at org.testng.remote.RemoteTestNG.initAndRun(RemoteTestNG.java:236)
	at org.testng.remote.RemoteTestNG.main(RemoteTestNG.java:81)
</pre></div></td>
<td>8</td>
<td>com.sandata.v8.functional.visitMaintenance.Auto_V7_TC_63130_Search_Visit_Maintenance_Within_A_Day@6ebc05a6</td></tr>
<tr>
<td title='com.sandata.v8.functional.visitMaintenance.Auto_V7_TC_63128_Search_Visit_Maintenance_Specific_Date_Range.Auto_V7_TC_63128_Search_Visit_Maintenance_Specific_Date_Range()'><b>Auto_V7_TC_63128_Search_Visit_Maintenance_Specific_Date_Range</b><br>Test class: com.sandata.v8.functional.visitMaintenance.Auto_V7_TC_63128_Search_Visit_Maintenance_Specific_Date_Range<br>Parameters: dummy</td>
<td><div><pre>java.lang.NullPointerException
	at com.sandata.core.Wrapper.extractCellDataAndCompare(Wrapper.java:1497)
	at com.sandata.v8.pages.VM_Page.checkhDateRange(VM_Page.java:48)
	at com.sandata.v8.functional.visitMaintenance.Auto_V7_TC_63128_Search_Visit_Maintenance_Specific_Date_Range.Auto_V7_TC_63128_Search_Visit_Maintenance_Specific_Date_Range(Auto_V7_TC_63128_Search_Visit_Maintenance_Specific_Date_Range.java:42)
... Removed 25 stack frames</pre></div><a href='#' onClick='toggleBox("stack-trace1028811481", this, "Click to show all stack frames", "Click to hide stack frames")'>Click to show all stack frames</a>
<div class='stack-trace' id='stack-trace1028811481'><pre>java.lang.NullPointerException
	at com.sandata.core.Wrapper.extractCellDataAndCompare(Wrapper.java:1497)
	at com.sandata.v8.pages.VM_Page.checkhDateRange(VM_Page.java:48)
	at com.sandata.v8.functional.visitMaintenance.Auto_V7_TC_63128_Search_Visit_Maintenance_Specific_Date_Range.Auto_V7_TC_63128_Search_Visit_Maintenance_Specific_Date_Range(Auto_V7_TC_63128_Search_Visit_Maintenance_Specific_Date_Range.java:42)
	at sun.reflect.NativeMethodAccessorImpl.invoke0(Native Method)
	at sun.reflect.NativeMethodAccessorImpl.invoke(NativeMethodAccessorImpl.java:62)
	at sun.reflect.DelegatingMethodAccessorImpl.invoke(DelegatingMethodAccessorImpl.java:43)
	at java.lang.reflect.Method.invoke(Method.java:498)
	at org.testng.internal.MethodInvocationHelper.invokeMethod(MethodInvocationHelper.java:104)
	at org.testng.internal.Invoker.invokeMethod(Invoker.java:645)
	at org.testng.internal.Invoker.invokeTestMethod(Invoker.java:851)
	at org.testng.internal.Invoker.invokeTestMethods(Invoker.java:1177)
	at org.testng.internal.TestMethodWorker.invokeTestMethods(TestMethodWorker.java:129)
	at org.testng.internal.TestMethodWorker.run(TestMethodWorker.java:112)
	at org.testng.TestRunner.privateRun(TestRunner.java:756)
	at org.testng.TestRunner.run(TestRunner.java:610)
	at org.testng.SuiteRunner.runTest(SuiteRunner.java:387)
	at org.testng.SuiteRunner.runSequentially(SuiteRunner.java:382)
	at org.testng.SuiteRunner.privateRun(SuiteRunner.java:340)
	at org.testng.SuiteRunner.run(SuiteRunner.java:289)
	at org.testng.SuiteRunnerWorker.runSuite(SuiteRunnerWorker.java:52)
	at org.testng.SuiteRunnerWorker.run(SuiteRunnerWorker.java:86)
	at org.testng.TestNG.runSuitesSequentially(TestNG.java:1293)
	at org.testng.TestNG.runSuitesLocally(TestNG.java:1218)
	at org.testng.TestNG.runSuites(TestNG.java:1133)
	at org.testng.TestNG.run(TestNG.java:1104)
	at org.testng.remote.AbstractRemoteTestNG.run(AbstractRemoteTestNG.java:132)
	at org.testng.remote.RemoteTestNG.initAndRun(RemoteTestNG.java:236)
	at org.testng.remote.RemoteTestNG.main(RemoteTestNG.java:81)
</pre></div></td>
<td>10</td>
<td>com.sandata.v8.functional.visitMaintenance.Auto_V7_TC_63128_Search_Visit_Maintenance_Specific_Date_Range@1dfe2924</td></tr>
<tr>
<td title='com.sandata.v8.functional.visitMaintenance.Auto_V7_TC_63152_Select_From_Date_Using_Calendar_Picker.Auto_V7_TC_63152_Select_From_Date_Using_Calendar_Picker()'><b>Auto_V7_TC_63152_Select_From_Date_Using_Calendar_Picker</b><br>Test class: com.sandata.v8.functional.visitMaintenance.Auto_V7_TC_63152_Select_From_Date_Using_Calendar_Picker<br>Parameters: dummy</td>
<td><div><pre>java.lang.AssertionError: expected [03/13/2017] but found [04/17/2017]
	at com.sandata.core.Wrapper.validateTextBoxValue(Wrapper.java:1144)
	at com.sandata.v8.pages.VM_Page.vaidateText(VM_Page.java:107)
	at com.sandata.v8.functional.visitMaintenance.Auto_V7_TC_63152_Select_From_Date_Using_Calendar_Picker.Auto_V7_TC_63152_Select_From_Date_Using_Calendar_Picker(Auto_V7_TC_63152_Select_From_Date_Using_Calendar_Picker.java:46)
... Removed 31 stack frames</pre></div><a href='#' onClick='toggleBox("stack-trace1882348832", this, "Click to show all stack frames", "Click to hide stack frames")'>Click to show all stack frames</a>
<div class='stack-trace' id='stack-trace1882348832'><pre>java.lang.AssertionError: expected [03/13/2017] but found [04/17/2017]
	at org.testng.Assert.fail(Assert.java:94)
	at org.testng.Assert.failNotEquals(Assert.java:513)
	at org.testng.Assert.assertEqualsImpl(Assert.java:135)
	at org.testng.Assert.assertEquals(Assert.java:116)
	at org.testng.Assert.assertEquals(Assert.java:190)
	at org.testng.Assert.assertEquals(Assert.java:200)
	at com.sandata.core.Wrapper.validateTextBoxValue(Wrapper.java:1144)
	at com.sandata.v8.pages.VM_Page.vaidateText(VM_Page.java:107)
	at com.sandata.v8.functional.visitMaintenance.Auto_V7_TC_63152_Select_From_Date_Using_Calendar_Picker.Auto_V7_TC_63152_Select_From_Date_Using_Calendar_Picker(Auto_V7_TC_63152_Select_From_Date_Using_Calendar_Picker.java:46)
	at sun.reflect.NativeMethodAccessorImpl.invoke0(Native Method)
	at sun.reflect.NativeMethodAccessorImpl.invoke(NativeMethodAccessorImpl.java:62)
	at sun.reflect.DelegatingMethodAccessorImpl.invoke(DelegatingMethodAccessorImpl.java:43)
	at java.lang.reflect.Method.invoke(Method.java:498)
	at org.testng.internal.MethodInvocationHelper.invokeMethod(MethodInvocationHelper.java:104)
	at org.testng.internal.Invoker.invokeMethod(Invoker.java:645)
	at org.testng.internal.Invoker.invokeTestMethod(Invoker.java:851)
	at org.testng.internal.Invoker.invokeTestMethods(Invoker.java:1177)
	at org.testng.internal.TestMethodWorker.invokeTestMethods(TestMethodWorker.java:129)
	at org.testng.internal.TestMethodWorker.run(TestMethodWorker.java:112)
	at org.testng.TestRunner.privateRun(TestRunner.java:756)
	at org.testng.TestRunner.run(TestRunner.java:610)
	at org.testng.SuiteRunner.runTest(SuiteRunner.java:387)
	at org.testng.SuiteRunner.runSequentially(SuiteRunner.java:382)
	at org.testng.SuiteRunner.privateRun(SuiteRunner.java:340)
	at org.testng.SuiteRunner.run(SuiteRunner.java:289)
	at org.testng.SuiteRunnerWorker.runSuite(SuiteRunnerWorker.java:52)
	at org.testng.SuiteRunnerWorker.run(SuiteRunnerWorker.java:86)
	at org.testng.TestNG.runSuitesSequentially(TestNG.java:1293)
	at org.testng.TestNG.runSuitesLocally(TestNG.java:1218)
	at org.testng.TestNG.runSuites(TestNG.java:1133)
	at org.testng.TestNG.run(TestNG.java:1104)
	at org.testng.remote.AbstractRemoteTestNG.run(AbstractRemoteTestNG.java:132)
	at org.testng.remote.RemoteTestNG.initAndRun(RemoteTestNG.java:236)
	at org.testng.remote.RemoteTestNG.main(RemoteTestNG.java:81)
</pre></div></td>
<td>70</td>
<td>com.sandata.v8.functional.visitMaintenance.Auto_V7_TC_63152_Select_From_Date_Using_Calendar_Picker@3d99d22e</td></tr>
<tr>
<td title='com.sandata.v8.functional.visitMaintenance.Auto_V7_TC_63154_Select_To_Date_Using_Calendar_Picker.Auto_V7_TC_63154_Select_To_Date_Using_Calendar_Picker()'><b>Auto_V7_TC_63154_Select_To_Date_Using_Calendar_Picker</b><br>Test class: com.sandata.v8.functional.visitMaintenance.Auto_V7_TC_63154_Select_To_Date_Using_Calendar_Picker<br>Parameters: dummy</td>
<td><div><pre>java.lang.AssertionError: expected [03/13/2017] but found [04/13/2017]
	at com.sandata.core.Wrapper.validateTextBoxValue(Wrapper.java:1144)
	at com.sandata.v8.pages.VM_Page.vaidateText(VM_Page.java:107)
	at com.sandata.v8.functional.visitMaintenance.Auto_V7_TC_63154_Select_To_Date_Using_Calendar_Picker.Auto_V7_TC_63154_Select_To_Date_Using_Calendar_Picker(Auto_V7_TC_63154_Select_To_Date_Using_Calendar_Picker.java:46)
... Removed 31 stack frames</pre></div><a href='#' onClick='toggleBox("stack-trace1908999587", this, "Click to show all stack frames", "Click to hide stack frames")'>Click to show all stack frames</a>
<div class='stack-trace' id='stack-trace1908999587'><pre>java.lang.AssertionError: expected [03/13/2017] but found [04/13/2017]
	at org.testng.Assert.fail(Assert.java:94)
	at org.testng.Assert.failNotEquals(Assert.java:513)
	at org.testng.Assert.assertEqualsImpl(Assert.java:135)
	at org.testng.Assert.assertEquals(Assert.java:116)
	at org.testng.Assert.assertEquals(Assert.java:190)
	at org.testng.Assert.assertEquals(Assert.java:200)
	at com.sandata.core.Wrapper.validateTextBoxValue(Wrapper.java:1144)
	at com.sandata.v8.pages.VM_Page.vaidateText(VM_Page.java:107)
	at com.sandata.v8.functional.visitMaintenance.Auto_V7_TC_63154_Select_To_Date_Using_Calendar_Picker.Auto_V7_TC_63154_Select_To_Date_Using_Calendar_Picker(Auto_V7_TC_63154_Select_To_Date_Using_Calendar_Picker.java:46)
	at sun.reflect.NativeMethodAccessorImpl.invoke0(Native Method)
	at sun.reflect.NativeMethodAccessorImpl.invoke(NativeMethodAccessorImpl.java:62)
	at sun.reflect.DelegatingMethodAccessorImpl.invoke(DelegatingMethodAccessorImpl.java:43)
	at java.lang.reflect.Method.invoke(Method.java:498)
	at org.testng.internal.MethodInvocationHelper.invokeMethod(MethodInvocationHelper.java:104)
	at org.testng.internal.Invoker.invokeMethod(Invoker.java:645)
	at org.testng.internal.Invoker.invokeTestMethod(Invoker.java:851)
	at org.testng.internal.Invoker.invokeTestMethods(Invoker.java:1177)
	at org.testng.internal.TestMethodWorker.invokeTestMethods(TestMethodWorker.java:129)
	at org.testng.internal.TestMethodWorker.run(TestMethodWorker.java:112)
	at org.testng.TestRunner.privateRun(TestRunner.java:756)
	at org.testng.TestRunner.run(TestRunner.java:610)
	at org.testng.SuiteRunner.runTest(SuiteRunner.java:387)
	at org.testng.SuiteRunner.runSequentially(SuiteRunner.java:382)
	at org.testng.SuiteRunner.privateRun(SuiteRunner.java:340)
	at org.testng.SuiteRunner.run(SuiteRunner.java:289)
	at org.testng.SuiteRunnerWorker.runSuite(SuiteRunnerWorker.java:52)
	at org.testng.SuiteRunnerWorker.run(SuiteRunnerWorker.java:86)
	at org.testng.TestNG.runSuitesSequentially(TestNG.java:1293)
	at org.testng.TestNG.runSuitesLocally(TestNG.java:1218)
	at org.testng.TestNG.runSuites(TestNG.java:1133)
	at org.testng.TestNG.run(TestNG.java:1104)
	at org.testng.remote.AbstractRemoteTestNG.run(AbstractRemoteTestNG.java:132)
	at org.testng.remote.RemoteTestNG.initAndRun(RemoteTestNG.java:236)
	at org.testng.remote.RemoteTestNG.main(RemoteTestNG.java:81)
</pre></div></td>
<td>9</td>
<td>com.sandata.v8.functional.visitMaintenance.Auto_V7_TC_63154_Select_To_Date_Using_Calendar_Picker@49fc609f</td></tr>
<tr>
<td title='com.sandata.v8.functional.visitMaintenance.Auto_V7_TC_63155_Search_With_Empty_From_To_Date.Auto_V7_TC_63155_Search_With_Empty_From_To_Date()'><b>Auto_V7_TC_63155_Search_With_Empty_From_To_Date</b><br>Test class: com.sandata.v8.functional.visitMaintenance.Auto_V7_TC_63155_Search_With_Empty_From_To_Date<br>Parameters: dummy</td>
<td><div><pre>java.lang.NullPointerException
	at com.sandata.core.Wrapper.CheckObjectExist(Wrapper.java:1689)
	at com.sandata.v8.pages.VM_Page.verifyObjectExistence(VM_Page.java:111)
	at com.sandata.v8.functional.visitMaintenance.Auto_V7_TC_63155_Search_With_Empty_From_To_Date.Auto_V7_TC_63155_Search_With_Empty_From_To_Date(Auto_V7_TC_63155_Search_With_Empty_From_To_Date.java:46)
... Removed 25 stack frames</pre></div><a href='#' onClick='toggleBox("stack-trace293870357", this, "Click to show all stack frames", "Click to hide stack frames")'>Click to show all stack frames</a>
<div class='stack-trace' id='stack-trace293870357'><pre>java.lang.NullPointerException
	at com.sandata.core.Wrapper.CheckObjectExist(Wrapper.java:1689)
	at com.sandata.v8.pages.VM_Page.verifyObjectExistence(VM_Page.java:111)
	at com.sandata.v8.functional.visitMaintenance.Auto_V7_TC_63155_Search_With_Empty_From_To_Date.Auto_V7_TC_63155_Search_With_Empty_From_To_Date(Auto_V7_TC_63155_Search_With_Empty_From_To_Date.java:46)
	at sun.reflect.NativeMethodAccessorImpl.invoke0(Native Method)
	at sun.reflect.NativeMethodAccessorImpl.invoke(NativeMethodAccessorImpl.java:62)
	at sun.reflect.DelegatingMethodAccessorImpl.invoke(DelegatingMethodAccessorImpl.java:43)
	at java.lang.reflect.Method.invoke(Method.java:498)
	at org.testng.internal.MethodInvocationHelper.invokeMethod(MethodInvocationHelper.java:104)
	at org.testng.internal.Invoker.invokeMethod(Invoker.java:645)
	at org.testng.internal.Invoker.invokeTestMethod(Invoker.java:851)
	at org.testng.internal.Invoker.invokeTestMethods(Invoker.java:1177)
	at org.testng.internal.TestMethodWorker.invokeTestMethods(TestMethodWorker.java:129)
	at org.testng.internal.TestMethodWorker.run(TestMethodWorker.java:112)
	at org.testng.TestRunner.privateRun(TestRunner.java:756)
	at org.testng.TestRunner.run(TestRunner.java:610)
	at org.testng.SuiteRunner.runTest(SuiteRunner.java:387)
	at org.testng.SuiteRunner.runSequentially(SuiteRunner.java:382)
	at org.testng.SuiteRunner.privateRun(SuiteRunner.java:340)
	at org.testng.SuiteRunner.run(SuiteRunner.java:289)
	at org.testng.SuiteRunnerWorker.runSuite(SuiteRunnerWorker.java:52)
	at org.testng.SuiteRunnerWorker.run(SuiteRunnerWorker.java:86)
	at org.testng.TestNG.runSuitesSequentially(TestNG.java:1293)
	at org.testng.TestNG.runSuitesLocally(TestNG.java:1218)
	at org.testng.TestNG.runSuites(TestNG.java:1133)
	at org.testng.TestNG.run(TestNG.java:1104)
	at org.testng.remote.AbstractRemoteTestNG.run(AbstractRemoteTestNG.java:132)
	at org.testng.remote.RemoteTestNG.initAndRun(RemoteTestNG.java:236)
	at org.testng.remote.RemoteTestNG.main(RemoteTestNG.java:81)
</pre></div></td>
<td>70</td>
<td>com.sandata.v8.functional.visitMaintenance.Auto_V7_TC_63155_Search_With_Empty_From_To_Date@cd2dae5</td></tr>
<tr>
<td title='com.sandata.v8.functional.visitMaintenance.Auto_V7_TC_63157_Search_By_First_Character_Client_ID.Auto_V7_TC_63157_Search_By_First_Character_Clint_ID()'><b>Auto_V7_TC_63157_Search_By_First_Character_Clint_ID</b><br>Test class: com.sandata.v8.functional.visitMaintenance.Auto_V7_TC_63157_Search_By_First_Character_Client_ID<br>Parameters: dummy</td>
<td><div><pre>java.lang.NullPointerException
	at com.sandata.core.Wrapper.CheckObjectExist(Wrapper.java:1689)
	at com.sandata.v8.pages.VM_Page.verifyObjectExistence(VM_Page.java:111)
	at com.sandata.v8.functional.visitMaintenance.Auto_V7_TC_63157_Search_By_First_Character_Client_ID.Auto_V7_TC_63157_Search_By_First_Character_Clint_ID(Auto_V7_TC_63157_Search_By_First_Character_Client_ID.java:46)
... Removed 25 stack frames</pre></div><a href='#' onClick='toggleBox("stack-trace1445999733", this, "Click to show all stack frames", "Click to hide stack frames")'>Click to show all stack frames</a>
<div class='stack-trace' id='stack-trace1445999733'><pre>java.lang.NullPointerException
	at com.sandata.core.Wrapper.CheckObjectExist(Wrapper.java:1689)
	at com.sandata.v8.pages.VM_Page.verifyObjectExistence(VM_Page.java:111)
	at com.sandata.v8.functional.visitMaintenance.Auto_V7_TC_63157_Search_By_First_Character_Client_ID.Auto_V7_TC_63157_Search_By_First_Character_Clint_ID(Auto_V7_TC_63157_Search_By_First_Character_Client_ID.java:46)
	at sun.reflect.NativeMethodAccessorImpl.invoke0(Native Method)
	at sun.reflect.NativeMethodAccessorImpl.invoke(NativeMethodAccessorImpl.java:62)
	at sun.reflect.DelegatingMethodAccessorImpl.invoke(DelegatingMethodAccessorImpl.java:43)
	at java.lang.reflect.Method.invoke(Method.java:498)
	at org.testng.internal.MethodInvocationHelper.invokeMethod(MethodInvocationHelper.java:104)
	at org.testng.internal.Invoker.invokeMethod(Invoker.java:645)
	at org.testng.internal.Invoker.invokeTestMethod(Invoker.java:851)
	at org.testng.internal.Invoker.invokeTestMethods(Invoker.java:1177)
	at org.testng.internal.TestMethodWorker.invokeTestMethods(TestMethodWorker.java:129)
	at org.testng.internal.TestMethodWorker.run(TestMethodWorker.java:112)
	at org.testng.TestRunner.privateRun(TestRunner.java:756)
	at org.testng.TestRunner.run(TestRunner.java:610)
	at org.testng.SuiteRunner.runTest(SuiteRunner.java:387)
	at org.testng.SuiteRunner.runSequentially(SuiteRunner.java:382)
	at org.testng.SuiteRunner.privateRun(SuiteRunner.java:340)
	at org.testng.SuiteRunner.run(SuiteRunner.java:289)
	at org.testng.SuiteRunnerWorker.runSuite(SuiteRunnerWorker.java:52)
	at org.testng.SuiteRunnerWorker.run(SuiteRunnerWorker.java:86)
	at org.testng.TestNG.runSuitesSequentially(TestNG.java:1293)
	at org.testng.TestNG.runSuitesLocally(TestNG.java:1218)
	at org.testng.TestNG.runSuites(TestNG.java:1133)
	at org.testng.TestNG.run(TestNG.java:1104)
	at org.testng.remote.AbstractRemoteTestNG.run(AbstractRemoteTestNG.java:132)
	at org.testng.remote.RemoteTestNG.initAndRun(RemoteTestNG.java:236)
	at org.testng.remote.RemoteTestNG.main(RemoteTestNG.java:81)
</pre></div></td>
<td>70</td>
<td>com.sandata.v8.functional.visitMaintenance.Auto_V7_TC_63157_Search_By_First_Character_Client_ID@4973813a</td></tr>
<tr>
<td title='com.sandata.v8.functional.visitMaintenance.Auto_V7_TC_63158_Search_By_Full_Client_ID.Auto_V7_TC_63158_Search_By_Full_Clint_ID()'><b>Auto_V7_TC_63158_Search_By_Full_Clint_ID</b><br>Test class: com.sandata.v8.functional.visitMaintenance.Auto_V7_TC_63158_Search_By_Full_Client_ID<br>Parameters: dummy</td>
<td><div><pre>java.lang.NullPointerException
	at com.sandata.core.Wrapper.CheckObjectExist(Wrapper.java:1689)
	at com.sandata.v8.pages.VM_Page.verifyObjectExistence(VM_Page.java:111)
	at com.sandata.v8.functional.visitMaintenance.Auto_V7_TC_63158_Search_By_Full_Client_ID.Auto_V7_TC_63158_Search_By_Full_Clint_ID(Auto_V7_TC_63158_Search_By_Full_Client_ID.java:46)
... Removed 25 stack frames</pre></div><a href='#' onClick='toggleBox("stack-trace1726780304", this, "Click to show all stack frames", "Click to hide stack frames")'>Click to show all stack frames</a>
<div class='stack-trace' id='stack-trace1726780304'><pre>java.lang.NullPointerException
	at com.sandata.core.Wrapper.CheckObjectExist(Wrapper.java:1689)
	at com.sandata.v8.pages.VM_Page.verifyObjectExistence(VM_Page.java:111)
	at com.sandata.v8.functional.visitMaintenance.Auto_V7_TC_63158_Search_By_Full_Client_ID.Auto_V7_TC_63158_Search_By_Full_Clint_ID(Auto_V7_TC_63158_Search_By_Full_Client_ID.java:46)
	at sun.reflect.NativeMethodAccessorImpl.invoke0(Native Method)
	at sun.reflect.NativeMethodAccessorImpl.invoke(NativeMethodAccessorImpl.java:62)
	at sun.reflect.DelegatingMethodAccessorImpl.invoke(DelegatingMethodAccessorImpl.java:43)
	at java.lang.reflect.Method.invoke(Method.java:498)
	at org.testng.internal.MethodInvocationHelper.invokeMethod(MethodInvocationHelper.java:104)
	at org.testng.internal.Invoker.invokeMethod(Invoker.java:645)
	at org.testng.internal.Invoker.invokeTestMethod(Invoker.java:851)
	at org.testng.internal.Invoker.invokeTestMethods(Invoker.java:1177)
	at org.testng.internal.TestMethodWorker.invokeTestMethods(TestMethodWorker.java:129)
	at org.testng.internal.TestMethodWorker.run(TestMethodWorker.java:112)
	at org.testng.TestRunner.privateRun(TestRunner.java:756)
	at org.testng.TestRunner.run(TestRunner.java:610)
	at org.testng.SuiteRunner.runTest(SuiteRunner.java:387)
	at org.testng.SuiteRunner.runSequentially(SuiteRunner.java:382)
	at org.testng.SuiteRunner.privateRun(SuiteRunner.java:340)
	at org.testng.SuiteRunner.run(SuiteRunner.java:289)
	at org.testng.SuiteRunnerWorker.runSuite(SuiteRunnerWorker.java:52)
	at org.testng.SuiteRunnerWorker.run(SuiteRunnerWorker.java:86)
	at org.testng.TestNG.runSuitesSequentially(TestNG.java:1293)
	at org.testng.TestNG.runSuitesLocally(TestNG.java:1218)
	at org.testng.TestNG.runSuites(TestNG.java:1133)
	at org.testng.TestNG.run(TestNG.java:1104)
	at org.testng.remote.AbstractRemoteTestNG.run(AbstractRemoteTestNG.java:132)
	at org.testng.remote.RemoteTestNG.initAndRun(RemoteTestNG.java:236)
	at org.testng.remote.RemoteTestNG.main(RemoteTestNG.java:81)
</pre></div></td>
<td>74</td>
<td>com.sandata.v8.functional.visitMaintenance.Auto_V7_TC_63158_Search_By_Full_Client_ID@6321e813</td></tr>
<tr>
<td title='com.sandata.v8.functional.visitMaintenance.Auto_V7_TC_63168_Search_With_Invalid_Client_ID.Auto_V7_TC_63161_Search_Without_First_Character_Clint_ID()'><b>Auto_V7_TC_63161_Search_Without_First_Character_Clint_ID</b><br>Test class: com.sandata.v8.functional.visitMaintenance.Auto_V7_TC_63168_Search_With_Invalid_Client_ID<br>Parameters: dummy</td>
<td><div><pre>java.lang.AssertionError: expected [true] but found [false]
	at com.sandata.core.Wrapper.validateInnerText(Wrapper.java:153)
	at com.sandata.v8.functional.visitMaintenance.Auto_V7_TC_63168_Search_With_Invalid_Client_ID.Auto_V7_TC_63161_Search_Without_First_Character_Clint_ID(Auto_V7_TC_63168_Search_With_Invalid_Client_ID.java:46)
... Removed 29 stack frames</pre></div><a href='#' onClick='toggleBox("stack-trace1726519676", this, "Click to show all stack frames", "Click to hide stack frames")'>Click to show all stack frames</a>
<div class='stack-trace' id='stack-trace1726519676'><pre>java.lang.AssertionError: expected [true] but found [false]
	at org.testng.Assert.fail(Assert.java:94)
	at org.testng.Assert.failNotEquals(Assert.java:513)
	at org.testng.Assert.assertTrue(Assert.java:42)
	at org.testng.Assert.assertTrue(Assert.java:52)
	at com.sandata.core.Wrapper.validateInnerText(Wrapper.java:153)
	at com.sandata.v8.functional.visitMaintenance.Auto_V7_TC_63168_Search_With_Invalid_Client_ID.Auto_V7_TC_63161_Search_Without_First_Character_Clint_ID(Auto_V7_TC_63168_Search_With_Invalid_Client_ID.java:46)
	at sun.reflect.NativeMethodAccessorImpl.invoke0(Native Method)
	at sun.reflect.NativeMethodAccessorImpl.invoke(NativeMethodAccessorImpl.java:62)
	at sun.reflect.DelegatingMethodAccessorImpl.invoke(DelegatingMethodAccessorImpl.java:43)
	at java.lang.reflect.Method.invoke(Method.java:498)
	at org.testng.internal.MethodInvocationHelper.invokeMethod(MethodInvocationHelper.java:104)
	at org.testng.internal.Invoker.invokeMethod(Invoker.java:645)
	at org.testng.internal.Invoker.invokeTestMethod(Invoker.java:851)
	at org.testng.internal.Invoker.invokeTestMethods(Invoker.java:1177)
	at org.testng.internal.TestMethodWorker.invokeTestMethods(TestMethodWorker.java:129)
	at org.testng.internal.TestMethodWorker.run(TestMethodWorker.java:112)
	at org.testng.TestRunner.privateRun(TestRunner.java:756)
	at org.testng.TestRunner.run(TestRunner.java:610)
	at org.testng.SuiteRunner.runTest(SuiteRunner.java:387)
	at org.testng.SuiteRunner.runSequentially(SuiteRunner.java:382)
	at org.testng.SuiteRunner.privateRun(SuiteRunner.java:340)
	at org.testng.SuiteRunner.run(SuiteRunner.java:289)
	at org.testng.SuiteRunnerWorker.runSuite(SuiteRunnerWorker.java:52)
	at org.testng.SuiteRunnerWorker.run(SuiteRunnerWorker.java:86)
	at org.testng.TestNG.runSuitesSequentially(TestNG.java:1293)
	at org.testng.TestNG.runSuitesLocally(TestNG.java:1218)
	at org.testng.TestNG.runSuites(TestNG.java:1133)
	at org.testng.TestNG.run(TestNG.java:1104)
	at org.testng.remote.AbstractRemoteTestNG.run(AbstractRemoteTestNG.java:132)
	at org.testng.remote.RemoteTestNG.initAndRun(RemoteTestNG.java:236)
	at org.testng.remote.RemoteTestNG.main(RemoteTestNG.java:81)
</pre></div></td>
<td>8</td>
<td>com.sandata.v8.functional.visitMaintenance.Auto_V7_TC_63168_Search_With_Invalid_Client_ID@22a67b4</td></tr>
<tr>
<td title='com.sandata.v8.functional.visitMaintenance.Auto_V7_TC_63172_Search_With_Client_Exact_Last_Name.Auto_V7_TC_63172_Search_With_Client_Exact_Last_Name()'><b>Auto_V7_TC_63172_Search_With_Client_Exact_Last_Name</b><br>Test class: com.sandata.v8.functional.visitMaintenance.Auto_V7_TC_63172_Search_With_Client_Exact_Last_Name<br>Parameters: dummy</td>
<td><div><pre>java.lang.NullPointerException
	at com.sandata.core.Wrapper.CheckObjectExist(Wrapper.java:1689)
	at com.sandata.v8.pages.VM_Page.verifyObjectExistence(VM_Page.java:111)
	at com.sandata.v8.functional.visitMaintenance.Auto_V7_TC_63172_Search_With_Client_Exact_Last_Name.Auto_V7_TC_63172_Search_With_Client_Exact_Last_Name(Auto_V7_TC_63172_Search_With_Client_Exact_Last_Name.java:52)
... Removed 25 stack frames</pre></div><a href='#' onClick='toggleBox("stack-trace773518491", this, "Click to show all stack frames", "Click to hide stack frames")'>Click to show all stack frames</a>
<div class='stack-trace' id='stack-trace773518491'><pre>java.lang.NullPointerException
	at com.sandata.core.Wrapper.CheckObjectExist(Wrapper.java:1689)
	at com.sandata.v8.pages.VM_Page.verifyObjectExistence(VM_Page.java:111)
	at com.sandata.v8.functional.visitMaintenance.Auto_V7_TC_63172_Search_With_Client_Exact_Last_Name.Auto_V7_TC_63172_Search_With_Client_Exact_Last_Name(Auto_V7_TC_63172_Search_With_Client_Exact_Last_Name.java:52)
	at sun.reflect.NativeMethodAccessorImpl.invoke0(Native Method)
	at sun.reflect.NativeMethodAccessorImpl.invoke(NativeMethodAccessorImpl.java:62)
	at sun.reflect.DelegatingMethodAccessorImpl.invoke(DelegatingMethodAccessorImpl.java:43)
	at java.lang.reflect.Method.invoke(Method.java:498)
	at org.testng.internal.MethodInvocationHelper.invokeMethod(MethodInvocationHelper.java:104)
	at org.testng.internal.Invoker.invokeMethod(Invoker.java:645)
	at org.testng.internal.Invoker.invokeTestMethod(Invoker.java:851)
	at org.testng.internal.Invoker.invokeTestMethods(Invoker.java:1177)
	at org.testng.internal.TestMethodWorker.invokeTestMethods(TestMethodWorker.java:129)
	at org.testng.internal.TestMethodWorker.run(TestMethodWorker.java:112)
	at org.testng.TestRunner.privateRun(TestRunner.java:756)
	at org.testng.TestRunner.run(TestRunner.java:610)
	at org.testng.SuiteRunner.runTest(SuiteRunner.java:387)
	at org.testng.SuiteRunner.runSequentially(SuiteRunner.java:382)
	at org.testng.SuiteRunner.privateRun(SuiteRunner.java:340)
	at org.testng.SuiteRunner.run(SuiteRunner.java:289)
	at org.testng.SuiteRunnerWorker.runSuite(SuiteRunnerWorker.java:52)
	at org.testng.SuiteRunnerWorker.run(SuiteRunnerWorker.java:86)
	at org.testng.TestNG.runSuitesSequentially(TestNG.java:1293)
	at org.testng.TestNG.runSuitesLocally(TestNG.java:1218)
	at org.testng.TestNG.runSuites(TestNG.java:1133)
	at org.testng.TestNG.run(TestNG.java:1104)
	at org.testng.remote.AbstractRemoteTestNG.run(AbstractRemoteTestNG.java:132)
	at org.testng.remote.RemoteTestNG.initAndRun(RemoteTestNG.java:236)
	at org.testng.remote.RemoteTestNG.main(RemoteTestNG.java:81)
</pre></div></td>
<td>72</td>
<td>com.sandata.v8.functional.visitMaintenance.Auto_V7_TC_63172_Search_With_Client_Exact_Last_Name@3b084709</td></tr>
</table><p>
<table width='100%' border='1' class='invocation-passed'>
<tr><td colspan='4' align='center'><b>PASSED TESTS</b></td></tr>
<tr><td><b>Test method</b></td>
<td width="30%"><b>Exception</b></td>
<td width="10%"><b>Time (seconds)</b></td>
<td><b>Instance</b></td>
</tr>
<tr>
<td title='com.sandata.v8.functional.visitMaintenance.Auto_V7_TC_63131_Verify_CurentDate_is_Deafult_Date_Filter.Auto_V7_TC_63131_Verify_CurentDate_is_Deafult_Date_Filter()'><b>Auto_V7_TC_63131_Verify_CurentDate_is_Deafult_Date_Filter</b><br>Test class: com.sandata.v8.functional.visitMaintenance.Auto_V7_TC_63131_Verify_CurentDate_is_Deafult_Date_Filter<br>Parameters: dummy</td>
<td></td>
<td>7</td>
<td>com.sandata.v8.functional.visitMaintenance.Auto_V7_TC_63131_Verify_CurentDate_is_Deafult_Date_Filter@6e6c3152</td></tr>
<tr>
<td title='com.sandata.v8.functional.visitMaintenance.Auto_V7_TC_63146_Search_With_Invalid_From_Date_Format.Auto_V7_TC_63146_Search_With_Invalid_From_Date_Format()'><b>Auto_V7_TC_63146_Search_With_Invalid_From_Date_Format</b><br>Test class: com.sandata.v8.functional.visitMaintenance.Auto_V7_TC_63146_Search_With_Invalid_From_Date_Format<br>Parameters: dummy</td>
<td></td>
<td>8</td>
<td>com.sandata.v8.functional.visitMaintenance.Auto_V7_TC_63146_Search_With_Invalid_From_Date_Format@50b494a6</td></tr>
<tr>
<td title='com.sandata.v8.functional.visitMaintenance.Auto_V7_TC_63147_Search_With_Invalid_To_Date_Format.Auto_V7_TC_63147_Search_With_Invalid_To_Date_Format()'><b>Auto_V7_TC_63147_Search_With_Invalid_To_Date_Format</b><br>Test class: com.sandata.v8.functional.visitMaintenance.Auto_V7_TC_63147_Search_With_Invalid_To_Date_Format<br>Parameters: dummy</td>
<td></td>
<td>7</td>
<td>com.sandata.v8.functional.visitMaintenance.Auto_V7_TC_63147_Search_With_Invalid_To_Date_Format@3cef309d</td></tr>
<tr>
<td title='com.sandata.v8.functional.visitMaintenance.Auto_V7_TC_63151_Search_With_Greater_From_Date_Than_To_Date.Auto_V7_TC_63151_Search_With_Greater_From_Date_Than_To_Date()'><b>Auto_V7_TC_63151_Search_With_Greater_From_Date_Than_To_Date</b><br>Test class: com.sandata.v8.functional.visitMaintenance.Auto_V7_TC_63151_Search_With_Greater_From_Date_Than_To_Date<br>Parameters: dummy</td>
<td></td>
<td>7</td>
<td>com.sandata.v8.functional.visitMaintenance.Auto_V7_TC_63151_Search_With_Greater_From_Date_Than_To_Date@32709393</td></tr>
<tr>
<td title='com.sandata.v8.functional.visitMaintenance.Auto_V7_TC_63156_Search_for_0_Records.Auto_V7_TC_63156_Search_for_0_Records()'><b>Auto_V7_TC_63156_Search_for_0_Records</b><br>Test class: com.sandata.v8.functional.visitMaintenance.Auto_V7_TC_63156_Search_for_0_Records<br>Parameters: dummy</td>
<td></td>
<td>10</td>
<td>com.sandata.v8.functional.visitMaintenance.Auto_V7_TC_63156_Search_for_0_Records@3a883ce7</td></tr>
<tr>
<td title='com.sandata.v8.functional.visitMaintenance.Auto_V7_TC_63161_Search_Without_First_Character_Client_ID.Auto_V7_TC_63161_Search_Without_First_Character_Clint_ID()'><b>Auto_V7_TC_63161_Search_Without_First_Character_Clint_ID</b><br>Test class: com.sandata.v8.functional.visitMaintenance.Auto_V7_TC_63161_Search_Without_First_Character_Client_ID<br>Parameters: dummy</td>
<td></td>
<td>8</td>
<td>com.sandata.v8.functional.visitMaintenance.Auto_V7_TC_63161_Search_Without_First_Character_Client_ID@79be0360</td></tr>
<tr>
<td title='com.sandata.v8.functional.visitMaintenance.Auto_V7_TC_63169_Search_With_Client_Last_Name_Character.Auto_V7_TC_63161_Search_Without_First_Character_Clint_ID()'><b>Auto_V7_TC_63161_Search_Without_First_Character_Clint_ID</b><br>Test class: com.sandata.v8.functional.visitMaintenance.Auto_V7_TC_63169_Search_With_Client_Last_Name_Character<br>Parameters: dummy</td>
<td></td>
<td>9</td>
<td>com.sandata.v8.functional.visitMaintenance.Auto_V7_TC_63169_Search_With_Client_Last_Name_Character@57855c9a</td></tr>
</table><p>
</body>
</html>